# JRE version: OpenJDK Runtime Environment (8.0_152-b01) (build 1.8.0_152-release-1343-b01)
# Java VM: OpenJDK 64-Bit Server VM (25.152-b01 mixed mode windows-amd64 compressed oops)
Heap:
 PSYoungGen      total 374272K, used 211198K [0x00000000e0000000, 0x0000000100000000, 0x0000000100000000)
  eden space 220672K, 61% used [0x00000000e0000000,0x00000000e8484730,0x00000000ed780000)
  from space 153600K, 49% used [0x00000000f6a00000,0x00000000fb3bb400,0x0000000100000000)
  to   space 150016K, 0% used [0x00000000ed780000,0x00000000ed780000,0x00000000f6a00000)
 ParOldGen       total 249856K, used 190778K [0x00000000a0000000, 0x00000000af400000, 0x00000000e0000000)
  object space 249856K, 76% used [0x00000000a0000000,0x00000000aba4e998,0x00000000af400000)
 Metaspace       used 139604K, capacity 148671K, committed 151280K, reserved 1177600K
  class space    used 18126K, capacity 19664K, committed 22256K, reserved 1048576K
GC Heap History (10 events):
Event: 12657.121 GC heap before
{Heap before GC invocations=37 (full 5):
 PSYoungGen      total 432640K, used 432631K [0x00000000e0000000, 0x0000000100000000, 0x0000000100000000)
  eden space 370176K, 100% used [0x00000000e0000000,0x00000000f6980000,0x00000000f6980000)
  from space 62464K, 99% used [0x00000000f6980000,0x00000000fa67dfd0,0x00000000fa680000)
  to   space 79872K, 0% used [0x00000000fb200000,0x00000000fb200000,0x0000000100000000)
 ParOldGen       total 249856K, used 100236K [0x00000000a0000000, 0x00000000af400000, 0x00000000e0000000)
  object space 249856K, 40% used [0x00000000a0000000,0x00000000a61e32f0,0x00000000af400000)
 Metaspace       used 116634K, capacity 123853K, committed 135664K, reserved 1163264K
  class space    used 14996K, capacity 16207K, committed 22256K, reserved 1048576K
Event: 12657.451 GC heap after
Heap after GC invocations=37 (full 5):
 PSYoungGen      total 414720K, used 79858K [0x00000000e0000000, 0x0000000100000000, 0x0000000100000000)
  eden space 334848K, 0% used [0x00000000e0000000,0x00000000e0000000,0x00000000f4700000)
  from space 79872K, 99% used [0x00000000fb200000,0x00000000ffffcb00,0x0000000100000000)
  to   space 94720K, 0% used [0x00000000f4700000,0x00000000f4700000,0x00000000fa380000)
 ParOldGen       total 249856K, used 105845K [0x00000000a0000000, 0x00000000af400000, 0x00000000e0000000)
  object space 249856K, 42% used [0x00000000a0000000,0x00000000a675d568,0x00000000af400000)
 Metaspace       used 116634K, capacity 123853K, committed 135664K, reserved 1163264K
  class space    used 14996K, capacity 16207K, committed 22256K, reserved 1048576K
}
Event: 12664.127 GC heap before
{Heap before GC invocations=38 (full 5):
 PSYoungGen      total 414720K, used 414706K [0x00000000e0000000, 0x0000000100000000, 0x0000000100000000)
  eden space 334848K, 100% used [0x00000000e0000000,0x00000000f4700000,0x00000000f4700000)
  from space 79872K, 99% used [0x00000000fb200000,0x00000000ffffcb00,0x0000000100000000)
  to   space 94720K, 0% used [0x00000000f4700000,0x00000000f4700000,0x00000000fa380000)
 ParOldGen       total 249856K, used 105845K [0x00000000a0000000, 0x00000000af400000, 0x00000000e0000000)
  object space 249856K, 42% used [0x00000000a0000000,0x00000000a675d568,0x00000000af400000)
 Metaspace       used 127721K, capacity 135765K, committed 141296K, reserved 1169408K
  class space    used 16545K, capacity 17907K, committed 22256K, reserved 1048576K
Event: 12664.702 GC heap after
Heap after GC invocations=38 (full 5):
 PSYoungGen      total 429568K, used 94713K [0x00000000e0000000, 0x0000000100000000, 0x0000000100000000)
  eden space 334848K, 0% used [0x00000000e0000000,0x00000000e0000000,0x00000000f4700000)
  from space 94720K, 99% used [0x00000000f4700000,0x00000000fa37e5e8,0x00000000fa380000)
  to   space 94720K, 0% used [0x00000000fa380000,0x00000000fa380000,0x0000000100000000)
 ParOldGen       total 249856K, used 151903K [0x00000000a0000000, 0x00000000af400000, 0x00000000e0000000)
  object space 249856K, 60% used [0x00000000a0000000,0x00000000a9457dc8,0x00000000af400000)
 Metaspace       used 127721K, capacity 135765K, committed 141296K, reserved 1169408K
  class space    used 16545K, capacity 17907K, committed 22256K, reserved 1048576K
}
Event: 17977.903 GC heap before
{Heap before GC invocations=39 (full 5):
 PSYoungGen      total 429568K, used 429561K [0x00000000e0000000, 0x0000000100000000, 0x0000000100000000)
  eden space 334848K, 100% used [0x00000000e0000000,0x00000000f4700000,0x00000000f4700000)
  from space 94720K, 99% used [0x00000000f4700000,0x00000000fa37e5e8,0x00000000fa380000)
  to   space 94720K, 0% used [0x00000000fa380000,0x00000000fa380000,0x0000000100000000)
 ParOldGen       total 249856K, used 151903K [0x00000000a0000000, 0x00000000af400000, 0x00000000e0000000)
  object space 249856K, 60% used [0x00000000a0000000,0x00000000a9457dc8,0x00000000af400000)
 Metaspace       used 128163K, capacity 136279K, committed 141552K, reserved 1169408K
  class space    used 16551K, capacity 17916K, committed 22256K, reserved 1048576K
Event: 17978.150 GC heap after
Heap after GC invocations=39 (full 5):
 PSYoungGen      total 343552K, used 94695K [0x00000000e0000000, 0x0000000100000000, 0x0000000100000000)
  eden space 248832K, 0% used [0x00000000e0000000,0x00000000e0000000,0x00000000ef300000)
  from space 94720K, 99% used [0x00000000fa380000,0x00000000ffff9e58,0x0000000100000000)
  to   space 137728K, 0% used [0x00000000ef300000,0x00000000ef300000,0x00000000f7980000)
 ParOldGen       total 249856K, used 155431K [0x00000000a0000000, 0x00000000af400000, 0x00000000e0000000)
  object space 249856K, 62% used [0x00000000a0000000,0x00000000a97c9f68,0x00000000af400000)
 Metaspace       used 128163K, capacity 136279K, committed 141552K, reserved 1169408K
  class space    used 16551K, capacity 17916K, committed 22256K, reserved 1048576K
}
Event: 18058.562 GC heap before
{Heap before GC invocations=40 (full 5):
 PSYoungGen      total 343552K, used 343527K [0x00000000e0000000, 0x0000000100000000, 0x0000000100000000)
  eden space 248832K, 100% used [0x00000000e0000000,0x00000000ef300000,0x00000000ef300000)
  from space 94720K, 99% used [0x00000000fa380000,0x00000000ffff9e58,0x0000000100000000)
  to   space 137728K, 0% used [0x00000000ef300000,0x00000000ef300000,0x00000000f7980000)
 ParOldGen       total 249856K, used 155431K [0x00000000a0000000, 0x00000000af400000, 0x00000000e0000000)
  object space 249856K, 62% used [0x00000000a0000000,0x00000000a97c9f68,0x00000000af400000)
 Metaspace       used 129263K, capacity 137583K, committed 142576K, reserved 1169408K
  class space    used 16677K, capacity 18074K, committed 22256K, reserved 1048576K
Event: 18058.699 GC heap after
Heap after GC invocations=40 (full 5):
 PSYoungGen      total 367104K, used 118211K [0x00000000e0000000, 0x0000000100000000, 0x0000000100000000)
  eden space 248832K, 0% used [0x00000000e0000000,0x00000000e0000000,0x00000000ef300000)
  from space 118272K, 99% used [0x00000000ef300000,0x00000000f6670fb0,0x00000000f6680000)
  to   space 153600K, 0% used [0x00000000f6a00000,0x00000000f6a00000,0x0000000100000000)
 ParOldGen       total 249856K, used 155439K [0x00000000a0000000, 0x00000000af400000, 0x00000000e0000000)
  object space 249856K, 62% used [0x00000000a0000000,0x00000000a97cbf68,0x00000000af400000)
 Metaspace       used 129263K, capacity 137583K, committed 142576K, reserved 1169408K
  class space    used 16677K, capacity 18074K, committed 22256K, reserved 1048576K
}
Event: 18063.261 GC heap before
{Heap before GC invocations=41 (full 5):
 PSYoungGen      total 367104K, used 367043K [0x00000000e0000000, 0x0000000100000000, 0x0000000100000000)
  eden space 248832K, 100% used [0x00000000e0000000,0x00000000ef300000,0x00000000ef300000)
  from space 118272K, 99% used [0x00000000ef300000,0x00000000f6670fb0,0x00000000f6680000)
  to   space 153600K, 0% used [0x00000000f6a00000,0x00000000f6a00000,0x0000000100000000)
 ParOldGen       total 249856K, used 155439K [0x00000000a0000000, 0x00000000af400000, 0x00000000e0000000)
  object space 249856K, 62% used [0x00000000a0000000,0x00000000a97cbf68,0x00000000af400000)
 Metaspace       used 139502K, capacity 148561K, committed 151280K, reserved 1177600K
  class space    used 18122K, capacity 19657K, committed 22256K, reserved 1048576K
Event: 18063.418 GC heap after
Heap after GC invocations=41 (full 5):
 PSYoungGen      total 374272K, used 75501K [0x00000000e0000000, 0x0000000100000000, 0x0000000100000000)
  eden space 220672K, 0% used [0x00000000e0000000,0x00000000e0000000,0x00000000ed780000)
  from space 153600K, 49% used [0x00000000f6a00000,0x00000000fb3bb400,0x0000000100000000)
  to   space 150016K, 0% used [0x00000000ed780000,0x00000000ed780000,0x00000000f6a00000)
 ParOldGen       total 249856K, used 190778K [0x00000000a0000000, 0x00000000af400000, 0x00000000e0000000)
  object space 249856K, 76% used [0x00000000a0000000,0x00000000aba4e998,0x00000000af400000)
 Metaspace       used 139502K, capacity 148561K, committed 151280K, reserved 1177600K
  class space    used 18122K, capacity 19657K, committed 22256K, reserved 1048576K
}

